<?xml version="1.0" encoding="UTF-8"?>
<!-- Generated by org.testng.reporters.JUnitReportReporter -->
<testsuite hostname="LAPTOP-4STL6S85" failures="0" tests="1" name="cairo360.cairo360.Register2" time="257.114" errors="0" timestamp="2020-08-08T21:47:07 EET" skipped="0">
  <testcase classname="cairo360.cairo360.Register2" name="RegisterClient" time="257.114"/>
</testsuite> <!-- cairo360.cairo360.Register2 -->
