<?xml version="1.0" encoding="UTF-8"?>
<!-- Generated by org.testng.reporters.JUnitReportReporter -->
<testsuite hostname="LAPTOP-4STL6S85" failures="0" tests="3" name="cairo360.cairo360.CartAssertions" time="6.882" errors="0" timestamp="2020-08-08T18:15:46 EET" skipped="0">
  <testcase classname="cairo360.cairo360.CartAssertions" name="Addtocart" time="6.167"/>
  <testcase classname="cairo360.cairo360.CartAssertions" name="validate" time="0.628"/>
  <testcase classname="cairo360.cairo360.CartAssertions" name="validate1" time="0.087"/>
</testsuite> <!-- cairo360.cairo360.CartAssertions -->
